[01/22/2026 Thu 12:22:07.82] Starting Ghidra analysis 
Script: status_ui 
Mode: import 
 
INFO  Using log config file: jar:file:/D:/Games/Dev/ghidra/Ghidra/Framework/Generic/lib/Generic.jar!/generic.log4j.xml (LoggingInitialization)  
INFO  Using log file: C:\Users\pmoen\AppData\Roaming\ghidra\ghidra_11.2.1_PUBLIC\application.log (LoggingInitialization)  
INFO  Loading user preferences: C:\Users\pmoen\AppData\Roaming\ghidra\ghidra_11.2.1_PUBLIC\preferences (Preferences)  
INFO  Searching for classes... (ClassSearcher)  
INFO  Class search complete (1500 ms) (ClassSearcher)  
INFO  Initializing SSL Context (SSLContextInitializer)  
INFO  Initializing Random Number Generator... (SecureRandomFactory)  
INFO  Random Number Generator initialization complete: SHA1PRNG (SecureRandomFactory)  
INFO  Trust manager disabled, cacerts have not been set (ApplicationTrustManagerFactory)  
INFO  Starting cache cleanup: C:\Users\pmoen\AppData\Local\ghidra\fscache2 (FileCacheMaintenanceDaemon)  
INFO  Finished cache cleanup, estimated storage used: 0 (FileCacheMaintenanceDaemon)  
INFO  Headless startup complete (10555 ms) (AnalyzeHeadless)  
INFO  Class searcher loaded 57 extension points (18 false positives) (ClassSearcher)  
INFO  HEADLESS Script Paths:
    D:\Games\Dev\Unity\FFPR\ff2\ff2-screen-reader\docs\Scripts
    D:\Games\Dev\ghidra\Ghidra\Features\Base\ghidra_scripts
    D:\Games\Dev\ghidra\Ghidra\Debug\Debugger\ghidra_scripts
    D:\Games\Dev\ghidra\Ghidra\Debug\Debugger-rmi-trace\ghidra_scripts
    D:\Games\Dev\ghidra\Ghidra\Processors\DATA\ghidra_scripts
    D:\Games\Dev\ghidra\Ghidra\Features\WildcardAssembler\ghidra_scripts
    D:\Games\Dev\ghidra\Ghidra\Features\VersionTracking\ghidra_scripts
    D:\Games\Dev\ghidra\Ghidra\Processors\Atmel\ghidra_scripts
    D:\Games\Dev\ghidra\Ghidra\Features\MicrosoftCodeAnalyzer\ghidra_scripts
    D:\Games\Dev\ghidra\Ghidra\Processors\JVM\ghidra_scripts
    D:\Games\Dev\ghidra\Ghidra\Processors\8051\ghidra_scripts
    D:\Games\Dev\ghidra\Ghidra\Processors\PIC\ghidra_scripts
    D:\Games\Dev\ghidra\Ghidra\Debug\Debugger-agent-dbgmodel-traceloader\ghidra_scripts
    D:\Games\Dev\ghidra\Ghidra\Features\SwiftDemangler\ghidra_scripts
    D:\Games\Dev\ghidra\Ghidra\Features\BSim\ghidra_scripts
    D:\Games\Dev\ghidra\Ghidra\Features\SystemEmulation\ghidra_scripts
    D:\Games\Dev\ghidra\Ghidra\Features\PDB\ghidra_scripts
    D:\Games\Dev\ghidra\Ghidra\Features\BytePatterns\ghidra_scripts
    D:\Games\Dev\ghidra\Ghidra\Features\FileFormats\ghidra_scripts
    C:\Users\pmoen\ghidra_scripts
    D:\Games\Dev\ghidra\Ghidra\Features\FunctionID\ghidra_scripts
    D:\Games\Dev\ghidra\Ghidra\Debug\Debugger-agent-frida\ghidra_scripts
    D:\Games\Dev\ghidra\Ghidra\Features\GnuDemangler\ghidra_scripts
    D:\Games\Dev\ghidra\Ghidra\Features\Jython\ghidra_scripts
    D:\Games\Dev\ghidra\Ghidra\Features\Decompiler\ghidra_scripts (HeadlessAnalyzer)  
INFO  HEADLESS: execution starts (HeadlessAnalyzer)  
INFO  Opening existing project: D:\Games\Dev\ghidra\projects\FF2_Analysis (HeadlessAnalyzer)  
INFO  Opening project: D:\Games\Dev\ghidra\projects\FF2_Analysis (HeadlessProject)  
INFO  REPORT: Processing input files:  (HeadlessAnalyzer)  
INFO       project: D:\Games\Dev\ghidra\projects\FF2_Analysis (HeadlessAnalyzer)  
INFO  IMPORTING: file:///D:/Games/SteamLibrary/steamapps/common/FINAL FANTASY II PR/GameAssembly.dll (HeadlessAnalyzer)  
INFO  Using Loader: Portable Executable (PE) (AutoImporter)  
INFO  Using Language/Compiler: x86:LE:64:default:windows (AutoImporter)  
INFO  Using Library Search Path: [., C:\WINDOWS\SysWOW64, C:\Program Files\Java\jdk-21\bin, C:\WINDOWS\Sun\Java\bin, C:\WINDOWS\system32, C:\WINDOWS, C:\Program Files\Common Files\Oracle\Java\javapath, C:\Python314\Scripts\, C:\Python314\, C:\Program Files (x86)\VMware\VMware Workstation\bin\, C:\Program Files (x86)\Razer Chroma SDK\bin, C:\Program Files\Razer Chroma SDK\bin, C:\Program Files (x86)\Razer\ChromaBroadcast\bin, C:\Program Files\Razer\ChromaBroadcast\bin, C:\Windows\system32, C:\Windows, C:\Windows\System32\Wbem, C:\Windows\System32\WindowsPowerShell\v1.0\, C:\Windows\System32\OpenSSH\, C:\Program Files (x86)\NVIDIA Corporation\PhysX\Common, C:\Program Files\dotnet\, C:\WINDOWS\System32\Wbem, C:\WINDOWS\System32\WindowsPowerShell\v1.0\, C:\WINDOWS\System32\OpenSSH\, C:\Users\pmoen\AppData\Local\Microsoft\WindowsApps, C:\Users\pmoen\.dotnet\tools, C:\WINDOWS\system32\config\systemprofile\AppData\Local\Microsoft\WindowsApps, C:\Users\pmoen\AppData\Local\Programs\Microsoft VS Code\bin, C:\Program Files\Git\cmd, C:\Program Files\nodejs\, C:\ProgramData\chocolatey\bin, C:\Program Files\Microsoft SQL Server\170\Tools\Binn\, C:\Program Files\Microsoft SQL Server\Client SDK\ODBC\170\Tools\Binn\, C:\Program Files (x86)\Windows Kits\10\Windows Performance Toolkit\, C:\Users\pmoen\.cargo\bin, C:\Users\pmoen\AppData\Local\Programs\Python\Python313\Scripts\, C:\Users\pmoen\AppData\Local\Programs\Python\Python313\, C:\Users\pmoen\AppData\Roaming\npm, C:\Users\pmoen\AppData\Local\Programs\Antigravity\bin, C:\Users\pmoen\.local\bin, C:\Users\pmoen\AppData\roaming\\Python\Python314\Scripts\] (AutoImporter)  
INFO  TLS callbacks at 1815768d8 (TLSDirectory)  
INFO  TLS callbacks at 1800e2880 (TLSDirectory)  
INFO  TLS callbacks at 1800ac9c8 (TLSDirectory)  
WARN  Invalid or missing function at 1800c0348 (ExportDataDirectory)  
INFO  TLS callbacks at 1805fae20 (TLSDirectory)  
WARN  Invalid or missing function at 1806d8e38 (ExportDataDirectory)  
WARN  Invalid or missing function at 1800be6a8 (ExportDataDirectory)  
WARN  Invalid or missing function at 180056554 (ExportDataDirectory)  
INFO  Additional info:
Loading file:///D:/Games/SteamLibrary/steamapps/common/FINAL FANTASY II PR/GameAssembly.dll?MD5=0a859c2fce15eb6f5ee9ab9b20ad591e...
------------------------------------------------

Searching 34 paths for library ADVAPI32.DLL...
Skipping library which is the wrong architecture: file:///C:/Windows/SysWOW64/advapi32.dll
Loading file:///C:/Windows/System32/advapi32.dll?MD5=e0778151cdd89e9fdb9f63d3c5bba4ea...
Using existing exports file: C:\Users\pmoen\AppData\Roaming\ghidra\ghidra_11.2.1_PUBLIC\symbols\win64\advapi32.exports
WARNING: Existing exports file may not be an exact match.
------------------------------------------------

Searching 34 paths for library IPHLPAPI.DLL...
Skipping library which is the wrong architecture: file:///C:/Windows/SysWOW64/IPHLPAPI.DLL
Loading file:///C:/Windows/System32/IPHLPAPI.DLL?MD5=83e32f427f3f9d175179988bef3cda8c...
Using existing exports file: C:\Users\pmoen\AppData\Roaming\ghidra\ghidra_11.2.1_PUBLIC\symbols\win64\iphlpapi.exports
WARNING: Existing exports file may not be an exact match.
------------------------------------------------

Searching 34 paths for library KERNEL32.DLL...
Skipping library which is the wrong architecture: file:///C:/Windows/SysWOW64/kernel32.dll
Loading file:///C:/Windows/System32/kernel32.dll?MD5=8302602f5925ee9a3316e40a1d364e0e...
Using existing exports file: C:\Users\pmoen\AppData\Roaming\ghidra\ghidra_11.2.1_PUBLIC\symbols\win64\kernel32.exports
WARNING: Existing exports file may not be an exact match.
------------------------------------------------

Searching 34 paths for library OLE32.DLL...
Skipping library which is the wrong architecture: file:///C:/Windows/SysWOW64/ole32.dll
Loading file:///C:/Windows/System32/ole32.dll?MD5=7f1b04de0b0645eb11edd3f7a6754a94...
[ole32.dll]: failed to create WEVTResource at 180181740: Failed to resolve data length for WEVTResource
Using existing exports file: C:\Users\pmoen\AppData\Roaming\ghidra\ghidra_11.2.1_PUBLIC\symbols\win64\ole32.exports
WARNING: Existing exports file may not be an exact match.
------------------------------------------------

Searching 34 paths for library OLEAUT32.DLL...
Skipping library which is the wrong architecture: file:///C:/Windows/SysWOW64/oleaut32.dll
Loading file:///C:/Windows/System32/oleaut32.dll?MD5=d047be70dae6c14bc48c4b20133928cb...
Using existing exports file: C:\Users\pmoen\AppData\Roaming\ghidra\ghidra_11.2.1_PUBLIC\symbols\win64\oleaut32.exports
WARNING: Existing exports file may not be an exact match.
------------------------------------------------

Searching 34 paths for library SHELL32.DLL...
Skipping library which is the wrong architecture: file:///C:/Windows/SysWOW64/shell32.dll
Loading file:///C:/Windows/System32/shell32.dll?MD5=4bba7b15055780f7155499023c4b3c12...
Using existing exports file: C:\Users\pmoen\AppData\Roaming\ghidra\ghidra_11.2.1_PUBLIC\symbols\win64\shell32.exports
WARNING: Existing exports file may not be an exact match.
------------------------------------------------

Searching 34 paths for library USER32.DLL...
Skipping library which is the wrong architecture: file:///C:/Windows/SysWOW64/user32.dll
Loading file:///C:/Windows/System32/user32.dll?MD5=a391b8970f50628c6f900fcd9eca26ce...
[user32.dll]: failed to create WEVTResource at 1800dda70: Failed to resolve data length for WEVTResource
Using existing exports file: C:\Users\pmoen\AppData\Roaming\ghidra\ghidra_11.2.1_PUBLIC\symbols\win64\user32.exports
WARNING: Existing exports file may not be an exact match.
------------------------------------------------

Searching 34 paths for library WS2_32.DLL...
Skipping library which is the wrong architecture: file:///C:/Windows/SysWOW64/ws2_32.dll
Loading file:///C:/Windows/System32/ws2_32.dll?MD5=a32cf2f0e79082da833845ce0c8a6f1a...
[ws2_32.dll]: failed to create WEVTResource at 18005f4b8: Failed to resolve data length for WEVTResource
Using existing exports file: C:\Users\pmoen\AppData\Roaming\ghidra\ghidra_11.2.1_PUBLIC\symbols\win64\ws2_32.exports
------------------------------------------------

Applying C:\Users\pmoen\AppData\Roaming\ghidra\ghidra_11.2.1_PUBLIC\symbols\win64\kernel32.exports
Applying C:\Users\pmoen\AppData\Roaming\ghidra\ghidra_11.2.1_PUBLIC\symbols\win64\user32.exports
Applying C:\Users\pmoen\AppData\Roaming\ghidra\ghidra_11.2.1_PUBLIC\symbols\win64\advapi32.exports
Applying C:\Users\pmoen\AppData\Roaming\ghidra\ghidra_11.2.1_PUBLIC\symbols\win64\ole32.exports
Applying C:\Users\pmoen\AppData\Roaming\ghidra\ghidra_11.2.1_PUBLIC\symbols\win64\oleaut32.exports
Applying C:\Users\pmoen\AppData\Roaming\ghidra\ghidra_11.2.1_PUBLIC\symbols\win64\shell32.exports
Applying C:\Users\pmoen\AppData\Roaming\ghidra\ghidra_11.2.1_PUBLIC\symbols\win64\ws2_32.exports
Applying C:\Users\pmoen\AppData\Roaming\ghidra\ghidra_11.2.1_PUBLIC\symbols\win64\iphlpapi.exports
Linking the External Programs of 'GameAssembly.dll' to imported libraries...
  [KERNEL32.DLL] -> not found in project
  [USER32.DLL] -> not found in project
  [ADVAPI32.DLL] -> not found in project
  [OLE32.DLL] -> not found in project
  [OLEAUT32.DLL] -> not found in project
  [SHELL32.DLL] -> not found in project
  [WS2_32.DLL] -> not found in project
  [IPHLPAPI.DLL] -> not found in project
------------------------------------------------

 (AutoImporter)  
INFO  IMPORTING: Loaded 0 additional files (HeadlessAnalyzer)  
INFO  /GameAssembly.dll: file deleted (pmoen) (LocalFileSystem)  
INFO  Deleted local file GameAssembly.dll (GhidraFileData)  
WARN  REPORT: Removed conflicting program file from project: /GameAssembly.dll (HeadlessAnalyzer)  
INFO  ANALYZING all memory and code: file:///D:/Games/SteamLibrary/steamapps/common/FINAL FANTASY II PR/GameAssembly.dll (HeadlessAnalyzer)  
INFO  Skipping PDB processing: failed to locate PDB file in configured locations (PdbUniversalAnalyzer)  
INFO  Use a script to set the PDB file location. I.e.,
    PdbAnalyzer.setPdbFileOption(currentProgram, new File("/path/to/pdb/file.pdb")); or
    PdbUniversalAnalyzer.setPdbFileOption(currentProgram, new File("/path/to/pdb/file.pdb"));
Or set the symbol server search configuration using:    PdbPlugin.saveSymbolServerServiceConfig(...);
 This must be done using a pre-script (prior to analysis). (PdbUniversalAnalyzer)  
INFO  Packed database cache: C:\Users\pmoen\AppData\Local\ghidra\packed-db-cache (PackedDatabaseCache)  
WARN  Decompiling 1801f9110, pcode error at 1801f939a: Unable to resolve constructor at 1801f939a (DecompileCallback)  
INFO  Evicting 29 filesystems from cache (FileSystemInstanceManager)  
INFO  Applied data type archive: windows_vs12_64 (ApplyDataArchiveAnalyzer)  
INFO  Applied data type archive: windows_vs12_64 (ApplyDataArchiveAnalyzer)  
INFO  -----------------------------------------------------
    ASCII Strings                              2.780 secs
    Apply Data Archives                        0.498 secs
    Call Convention ID                         1.231 secs
    Call-Fixup Installer                      21.294 secs
    Create Address Tables                     10.677 secs
    Create Address Tables - One Time          49.806 secs
    Create Function                           20.769 secs
    Data Reference                            34.100 secs
    Decompiler Switch Analysis               202.084 secs
    Demangler Microsoft                        0.259 secs
    Disassemble                               83.541 secs
    Disassemble Entry Points                   3.440 secs
    Disassemble Entry Points - One Time        0.048 secs
    Embedded Media                             0.465 secs
    External Entry References                  0.001 secs
    Function ID                               39.146 secs
    Function Start Search                      1.047 secs
    Non-Returning Functions - Discovered      25.326 secs
    Non-Returning Functions - Known            0.013 secs
    PDB Universal                              0.019 secs
    Reference                                 43.573 secs
    Scalar Operand References                 41.371 secs
    Shared Return Calls                       22.041 secs
    Stack                                    201.148 secs
    Subroutine References                     34.838 secs
    Subroutine References - One Time           0.008 secs
    Windows x86 PE Exception Handling          3.007 secs
    Windows x86 PE RTTI Analyzer               5.441 secs
    Windows x86 Thread Environment Block (TEB) Analyzer     0.019 secs
    WindowsResourceReference                   1.053 secs
    x86 Constant Reference Analyzer          238.692 secs
-----------------------------------------------------
     Total Time   1087 secs
-----------------------------------------------------
 (AutoAnalysisManager)  
INFO  REPORT: Analysis succeeded for file: file:///D:/Games/SteamLibrary/steamapps/common/FINAL FANTASY II PR/GameAssembly.dll (HeadlessAnalyzer)  
INFO  SCRIPT: D:\Games\Dev\Unity\FFPR\ff2\ff2-screen-reader\docs\Scripts\decompile_status_ui.py (HeadlessAnalyzer)  
======================================================================
FF2 Status Screen UI Decompiler
======================================================================
Program: GameAssembly.dll
Image Base: 0x180000000
Output: D:\Games\Dev\Unity\FFPR\ff2\ff2-screen-reader\docs\Scripts\decompiled_status_ui.c

----------------------------------------------------------------------
STEP 1: Parsing IL2CPP type definitions
----------------------------------------------------------------------
Parsing IL2CPP header: D:\Games\Dev\Unity\FFPR\ff2\il2cpp_ghidra.h
This may take a few minutes for large headers...
Reading header file...
Header size: 29871441 bytes
Starting C parser...
Parsing completed, applying types to program...
Data type manager now has 650 types
Type parsing completed successfully

----------------------------------------------------------------------
STEP 2: Applying IL2CPP symbol names
----------------------------------------------------------------------
Loading IL2CPP symbols from: D:\Games\Dev\Unity\FFPR\ff2\script.json
Applied 0 IL2CPP symbols

----------------------------------------------------------------------
STEP 3: Decompiling target functions
----------------------------------------------------------------------
Initializing decompiler...

Decompiling: BattleUtility$$GetDominationAttack
  RVA: 0x911410 -> Absolute: 0x180911410
  SUCCESS

Decompiling: BattleUtility$$GetJobLevel
  RVA: 0x911F70 -> Absolute: 0x180911F70
  SUCCESS

Decompiling: BattleUtility$$GetSkillLevel
  RVA: 0x913900 -> Absolute: 0x180913900
  SUCCESS

Decompiling: CommonGauge$$SetValue
  RVA: 0x5335A0 -> Absolute: 0x1805335A0
  SUCCESS

Decompiling: KeyInput_ParameterContentController$$Initialize
  RVA: 0x5B07D0 -> Absolute: 0x1805B07D0
  SUCCESS

Decompiling: KeyInput_ParameterContentController$$SetCountValue
  RVA: 0x5B0930 -> Absolute: 0x1805B0930
  SUCCESS

Decompiling: KeyInput_ParameterContentController$$SetData
  RVA: 0x5B0970 -> Absolute: 0x1805B0970
  SUCCESS

Decompiling: KeyInput_ParameterContentController$$SetEnableCountText
  RVA: 0x5B09D0 -> Absolute: 0x1805B09D0
  SUCCESS

Decompiling: KeyInput_ParameterContentController$$SetEnablePercentText
  RVA: 0x5B0A10 -> Absolute: 0x1805B0A10
  SUCCESS

Decompiling: KeyInput_ParameterContentView$$Initialize
  RVA: 0x5B0CA0 -> Absolute: 0x1805B0CA0
  SUCCESS

Decompiling: KeyInput_ParameterContentView$$SetCountText
  RVA: 0x3CD360 -> Absolute: 0x1803CD360
  SUCCESS

Decompiling: KeyInput_ParameterContentView$$SetParameterText
  RVA: 0x2C9D10 -> Absolute: 0x1802C9D10
  SUCCESS

Decompiling: KeyInput_ParameterContentView$$UseMultipliedText
  RVA: 0x5B0E30 -> Absolute: 0x1805B0E30
  SUCCESS

Decompiling: KeyInput_ParameterContentView$$UseMultipliedValueText
  RVA: 0x3CD9A0 -> Absolute: 0x1803CD9A0
    Creating function at 0x1803CD9A0...
  SUCCESS

Decompiling: KeyInput_ParameterContentView$$UsePercentText
  RVA: 0x5B0F00 -> Absolute: 0x1805B0F00
  SUCCESS

Decompiling: KeyInput_StatusDetailsController$$InitDisplay
  RVA: 0x3DCA20 -> Absolute: 0x1803DCA20
  SUCCESS

Decompiling: KeyInput_StatusDetailsController$$Initialize
  RVA: 0x3DCAA0 -> Absolute: 0x1803DCAA0
  SUCCESS

Decompiling: KeyInput_StatusDetailsController$$UpdateDisplay
  RVA: 0x3DCE90 -> Absolute: 0x1803DCE90
  SUCCESS

Decompiling: KeyInput_StatusDetailsController$$UpdateView
  RVA: 0x3DD1B0 -> Absolute: 0x1803DD1B0
    Creating function at 0x1803DD1B0...
  SUCCESS

Decompiling: SkillLevelContentController$$Initialize
  RVA: 0x3DBDA0 -> Absolute: 0x1803DBDA0
  SUCCESS

Decompiling: SkillLevelContentController$$SetAbilityIcon
  RVA: 0x3DBEA0 -> Absolute: 0x1803DBEA0
  SUCCESS

Decompiling: SkillLevelContentController$$SetSkillLevelTargetType
  RVA: 0x3DC1F0 -> Absolute: 0x1803DC1F0
  SUCCESS

Decompiling: SkillLevelContentController$$SetSkillLevelUpColor
  RVA: 0x3DC2E0 -> Absolute: 0x1803DC2E0
  SUCCESS

Decompiling: SkillLevelContentController$$SetWeaponIcon
  RVA: 0x3DC460 -> Absolute: 0x1803DC460
  SUCCESS

Decompiling: SkillLevelContentController$$UpdateView_OwnedCharacterData
  RVA: 0x3DC7D0 -> Absolute: 0x1803DC7D0
  SUCCESS

Decompiling: Touch_ParameterContentController$$Initialize
  RVA: 0x927A70 -> Absolute: 0x180927A70
  SUCCESS

Decompiling: Touch_ParameterContentController$$SetCountValue
  RVA: 0x927BD0 -> Absolute: 0x180927BD0
  SUCCESS

Decompiling: Touch_StatusDetailsController$$InitDisplay
  RVA: 0x6A3560 -> Absolute: 0x1806A3560
  SUCCESS

Decompiling: Touch_StatusDetailsController$$Initialize
  RVA: 0x6A3740 -> Absolute: 0x1806A3740
    Creating function at 0x1806A3740...
  SUCCESS

Decompiling: Touch_StatusDetailsController$$UpdateView
  RVA: 0x6A3BA0 -> Absolute: 0x1806A3BA0
    Creating function at 0x1806A3BA0...
  SUCCESS

======================================================================
Decompilation complete!
  Success: 30
  Failed:  0
  Output:  D:\Games\Dev\Unity\FFPR\ff2\ff2-screen-reader\docs\Scripts\decompiled_status_ui.c
======================================================================
INFO  ANALYZING changes made by post scripts: file:///D:/Games/SteamLibrary/steamapps/common/FINAL FANTASY II PR/GameAssembly.dll (HeadlessAnalyzer)  
INFO  REPORT: Post-analysis succeeded for file: file:///D:/Games/SteamLibrary/steamapps/common/FINAL FANTASY II PR/GameAssembly.dll (HeadlessAnalyzer)  
INFO  REPORT: Save succeeded for: /GameAssembly.dll (FF2_Analysis:/GameAssembly.dll) (HeadlessAnalyzer)  
INFO  REPORT: Import succeeded (HeadlessAnalyzer)  
